TN:
SF:/Users/lukedonnet/Documents/WebProjects/ReactProjects/ReactGuessingGame/ReactGuessingGame/test-context.js
FNF:0
FNH:0
DA:1,1
DA:2,1
LF:2
LH:2
BRF:0
BRH:0
end_of_record
TN:
SF:/Users/lukedonnet/Documents/WebProjects/ReactProjects/ReactGuessingGame/ReactGuessingGame/src/controller/controller.js
FN:1,(anonymous_0)
FN:6,(anonymous_1)
FN:19,(anonymous_2)
FNF:3
FNH:3
FNDA:1,(anonymous_0)
FNDA:1,(anonymous_1)
FNDA:2,(anonymous_2)
DA:1,1
DA:3,1
DA:6,1
DA:8,1
DA:9,0
DA:10,1
DA:11,0
DA:12,1
DA:13,1
DA:15,0
DA:19,1
DA:21,2
LF:12
LH:9
BRDA:8,0,0,0
BRDA:8,0,1,1
BRDA:10,1,0,0
BRDA:10,1,1,1
BRDA:12,2,0,1
BRDA:12,2,1,0
BRF:6
BRH:3
end_of_record
TN:
SF:/Users/lukedonnet/Documents/WebProjects/ReactProjects/ReactGuessingGame/ReactGuessingGame/src/game_feature/user_input_feature/UserInputContainer.js
FN:6,(anonymous_0)
FN:17,(anonymous_1)
FN:18,(anonymous_2)
FN:20,(anonymous_3)
FN:29,(anonymous_4)
FNF:5
FNH:1
FNDA:1,(anonymous_0)
FNDA:0,(anonymous_1)
FNDA:0,(anonymous_2)
FNDA:0,(anonymous_3)
FNDA:0,(anonymous_4)
DA:6,1
DA:7,1
DA:8,1
DA:9,1
DA:10,1
DA:17,1
DA:18,0
DA:19,0
DA:20,0
DA:21,0
DA:22,0
DA:24,0
DA:25,0
DA:29,0
DA:30,0
DA:31,0
DA:33,0
LF:17
LH:6
BRDA:22,0,0,0
BRF:1
BRH:0
end_of_record
TN:
SF:/Users/lukedonnet/Documents/WebProjects/ReactProjects/ReactGuessingGame/ReactGuessingGame/src/game_feature/user_input_feature/UserInputComponent.js
FN:5,(anonymous_0)
FNF:1
FNH:0
FNDA:0,(anonymous_0)
DA:5,1
DA:6,0
DA:17,1
LF:3
LH:2
BRF:0
BRH:0
end_of_record
TN:
SF:/Users/lukedonnet/Documents/WebProjects/ReactProjects/ReactGuessingGame/ReactGuessingGame/src/game_feature/user_input_feature/userInputSelector.js
FN:1,(anonymous_0)
FNF:1
FNH:1
FNDA:1,(anonymous_0)
DA:1,1
LF:1
LH:1
BRF:0
BRH:0
end_of_record
TN:
SF:/Users/lukedonnet/Documents/WebProjects/ReactProjects/ReactGuessingGame/ReactGuessingGame/src/game_feature/user_input_feature/actions.js
FN:3,(anonymous_0)
FNF:1
FNH:0
FNDA:0,(anonymous_0)
DA:1,1
DA:3,1
DA:4,0
DA:7,1
DA:11,1
LF:5
LH:4
BRF:0
BRH:0
end_of_record
